# JRE version: OpenJDK Runtime Environment (7.0_55-b14) (build 1.7.0_55-b14)
# Java VM: OpenJDK 64-Bit Server VM (24.51-b03 mixed mode linux-amd64 compressed oops)
Heap
 PSYoungGen      total 207872K, used 91203K [0x00000000f0000000, 0x0000000100000000, 0x0000000100000000)
  eden space 159744K, 37% used [0x00000000f0000000,0x00000000f3acedf0,0x00000000f9c00000)
  from space 48128K, 64% used [0x00000000f9c00000,0x00000000fba41f38,0x00000000fcb00000)
  to   space 47104K, 0% used [0x00000000fd200000,0x00000000fd200000,0x0000000100000000)
 ParOldGen       total 222720K, used 178584K [0x00000000d0000000, 0x00000000dd980000, 0x00000000f0000000)
  object space 222720K, 80% used [0x00000000d0000000,0x00000000dae66398,0x00000000dd980000)
 PSPermGen       total 118784K, used 102940K [0x00000000c0000000, 0x00000000c7400000, 0x00000000d0000000)
  object space 118784K, 86% used [0x00000000c0000000,0x00000000c6487100,0x00000000c7400000)
GC Heap History (10 events):
Event: 25275.982 GC heap before
{Heap before GC invocations=252 (full 5):
 PSYoungGen      total 201728K, used 181825K [0x00000000f0000000, 0x00000000ffc80000, 0x0000000100000000)
  eden space 148992K, 100% used [0x00000000f0000000,0x00000000f9180000,0x00000000f9180000)
  from space 52736K, 62% used [0x00000000fc900000,0x00000000fe910590,0x00000000ffc80000)
  to   space 54784K, 0% used [0x00000000f9180000,0x00000000f9180000,0x00000000fc700000)
 ParOldGen       total 222720K, used 163049K [0x00000000d0000000, 0x00000000dd980000, 0x00000000f0000000)
  object space 222720K, 73% used [0x00000000d0000000,0x00000000d9f3a580,0x00000000dd980000)
 PSPermGen       total 118784K, used 100996K [0x00000000c0000000, 0x00000000c7400000, 0x00000000d0000000)
  object space 118784K, 85% used [0x00000000c0000000,0x00000000c62a1378,0x00000000c7400000)
Event: 25276.017 GC heap after
Heap after GC invocations=252 (full 5):
 PSYoungGen      total 203776K, used 32701K [0x00000000f0000000, 0x0000000100000000, 0x0000000100000000)
  eden space 148992K, 0% used [0x00000000f0000000,0x00000000f0000000,0x00000000f9180000)
  from space 54784K, 59% used [0x00000000f9180000,0x00000000fb16f410,0x00000000fc700000)
  to   space 53760K, 0% used [0x00000000fcb80000,0x00000000fcb80000,0x0000000100000000)
 ParOldGen       total 222720K, used 166129K [0x00000000d0000000, 0x00000000dd980000, 0x00000000f0000000)
  object space 222720K, 74% used [0x00000000d0000000,0x00000000da23c5b0,0x00000000dd980000)
 PSPermGen       total 118784K, used 100996K [0x00000000c0000000, 0x00000000c7400000, 0x00000000d0000000)
  object space 118784K, 85% used [0x00000000c0000000,0x00000000c62a1378,0x00000000c7400000)
}
Event: 25331.154 GC heap before
{Heap before GC invocations=253 (full 5):
 PSYoungGen      total 203776K, used 181693K [0x00000000f0000000, 0x0000000100000000, 0x0000000100000000)
  eden space 148992K, 100% used [0x00000000f0000000,0x00000000f9180000,0x00000000f9180000)
  from space 54784K, 59% used [0x00000000f9180000,0x00000000fb16f410,0x00000000fc700000)
  to   space 53760K, 0% used [0x00000000fcb80000,0x00000000fcb80000,0x0000000100000000)
 ParOldGen       total 222720K, used 166129K [0x00000000d0000000, 0x00000000dd980000, 0x00000000f0000000)
  object space 222720K, 74% used [0x00000000d0000000,0x00000000da23c5b0,0x00000000dd980000)
 PSPermGen       total 118784K, used 101500K [0x00000000c0000000, 0x00000000c7400000, 0x00000000d0000000)
  object space 118784K, 85% used [0x00000000c0000000,0x00000000c631f3e8,0x00000000c7400000)
Event: 25331.214 GC heap after
Heap after GC invocations=253 (full 5):
 PSYoungGen      total 203264K, used 24008K [0x00000000f0000000, 0x00000000ffc00000, 0x0000000100000000)
  eden space 153600K, 0% used [0x00000000f0000000,0x00000000f0000000,0x00000000f9600000)
  from space 49664K, 48% used [0x00000000fcb80000,0x00000000fe2f21a0,0x00000000ffc00000)
  to   space 52224K, 0% used [0x00000000f9600000,0x00000000f9600000,0x00000000fc900000)
 ParOldGen       total 222720K, used 178584K [0x00000000d0000000, 0x00000000dd980000, 0x00000000f0000000)
  object space 222720K, 80% used [0x00000000d0000000,0x00000000dae66398,0x00000000dd980000)
 PSPermGen       total 118784K, used 101500K [0x00000000c0000000, 0x00000000c7400000, 0x00000000d0000000)
  object space 118784K, 85% used [0x00000000c0000000,0x00000000c631f3e8,0x00000000c7400000)
}
Event: 25389.250 GC heap before
{Heap before GC invocations=254 (full 5):
 PSYoungGen      total 203264K, used 177608K [0x00000000f0000000, 0x00000000ffc00000, 0x0000000100000000)
  eden space 153600K, 100% used [0x00000000f0000000,0x00000000f9600000,0x00000000f9600000)
  from space 49664K, 48% used [0x00000000fcb80000,0x00000000fe2f21a0,0x00000000ffc00000)
  to   space 52224K, 0% used [0x00000000f9600000,0x00000000f9600000,0x00000000fc900000)
 ParOldGen       total 222720K, used 178584K [0x00000000d0000000, 0x00000000dd980000, 0x00000000f0000000)
  object space 222720K, 80% used [0x00000000d0000000,0x00000000dae66398,0x00000000dd980000)
 PSPermGen       total 118784K, used 102052K [0x00000000c0000000, 0x00000000c7400000, 0x00000000d0000000)
  object space 118784K, 85% used [0x00000000c0000000,0x00000000c63a92d0,0x00000000c7400000)
Event: 25389.275 GC heap after
Heap after GC invocations=254 (full 5):
 PSYoungGen      total 205824K, used 27407K [0x00000000f0000000, 0x00000000ffe80000, 0x0000000100000000)
  eden space 153600K, 0% used [0x00000000f0000000,0x00000000f0000000,0x00000000f9600000)
  from space 52224K, 52% used [0x00000000f9600000,0x00000000fb0c3e70,0x00000000fc900000)
  to   space 50176K, 0% used [0x00000000fcd80000,0x00000000fcd80000,0x00000000ffe80000)
 ParOldGen       total 222720K, used 178584K [0x00000000d0000000, 0x00000000dd980000, 0x00000000f0000000)
  object space 222720K, 80% used [0x00000000d0000000,0x00000000dae66398,0x00000000dd980000)
 PSPermGen       total 118784K, used 102052K [0x00000000c0000000, 0x00000000c7400000, 0x00000000d0000000)
  object space 118784K, 85% used [0x00000000c0000000,0x00000000c63a92d0,0x00000000c7400000)
}
Event: 25391.345 GC heap before
{Heap before GC invocations=255 (full 5):
 PSYoungGen      total 205824K, used 181007K [0x00000000f0000000, 0x00000000ffe80000, 0x0000000100000000)
  eden space 153600K, 100% used [0x00000000f0000000,0x00000000f9600000,0x00000000f9600000)
  from space 52224K, 52% used [0x00000000f9600000,0x00000000fb0c3e70,0x00000000fc900000)
  to   space 50176K, 0% used [0x00000000fcd80000,0x00000000fcd80000,0x00000000ffe80000)
 ParOldGen       total 222720K, used 178584K [0x00000000d0000000, 0x00000000dd980000, 0x00000000f0000000)
  object space 222720K, 80% used [0x00000000d0000000,0x00000000dae66398,0x00000000dd980000)
 PSPermGen       total 118784K, used 102272K [0x00000000c0000000, 0x00000000c7400000, 0x00000000d0000000)
  object space 118784K, 86% used [0x00000000c0000000,0x00000000c63e0308,0x00000000c7400000)
Event: 25391.381 GC heap after
Heap after GC invocations=255 (full 5):
 PSYoungGen      total 205312K, used 28518K [0x00000000f0000000, 0x00000000ffa00000, 0x0000000100000000)
  eden space 159744K, 0% used [0x00000000f0000000,0x00000000f0000000,0x00000000f9c00000)
  from space 45568K, 62% used [0x00000000fcd80000,0x00000000fe959a08,0x00000000ffa00000)
  to   space 48128K, 0% used [0x00000000f9c00000,0x00000000f9c00000,0x00000000fcb00000)
 ParOldGen       total 222720K, used 178584K [0x00000000d0000000, 0x00000000dd980000, 0x00000000f0000000)
  object space 222720K, 80% used [0x00000000d0000000,0x00000000dae66398,0x00000000dd980000)
 PSPermGen       total 118784K, used 102272K [0x00000000c0000000, 0x00000000c7400000, 0x00000000d0000000)
  object space 118784K, 86% used [0x00000000c0000000,0x00000000c63e0308,0x00000000c7400000)
}
Event: 25548.323 GC heap before
{Heap before GC invocations=256 (full 5):
 PSYoungGen      total 205312K, used 188262K [0x00000000f0000000, 0x00000000ffa00000, 0x0000000100000000)
  eden space 159744K, 100% used [0x00000000f0000000,0x00000000f9c00000,0x00000000f9c00000)
  from space 45568K, 62% used [0x00000000fcd80000,0x00000000fe959a08,0x00000000ffa00000)
  to   space 48128K, 0% used [0x00000000f9c00000,0x00000000f9c00000,0x00000000fcb00000)
 ParOldGen       total 222720K, used 178584K [0x00000000d0000000, 0x00000000dd980000, 0x00000000f0000000)
  object space 222720K, 80% used [0x00000000d0000000,0x00000000dae66398,0x00000000dd980000)
 PSPermGen       total 118784K, used 102725K [0x00000000c0000000, 0x00000000c7400000, 0x00000000d0000000)
  object space 118784K, 86% used [0x00000000c0000000,0x00000000c6451730,0x00000000c7400000)
Event: 25548.359 GC heap after
Heap after GC invocations=256 (full 5):
 PSYoungGen      total 207872K, used 30983K [0x00000000f0000000, 0x0000000100000000, 0x0000000100000000)
  eden space 159744K, 0% used [0x00000000f0000000,0x00000000f0000000,0x00000000f9c00000)
  from space 48128K, 64% used [0x00000000f9c00000,0x00000000fba41f38,0x00000000fcb00000)
  to   space 47104K, 0% used [0x00000000fd200000,0x00000000fd200000,0x0000000100000000)
 ParOldGen       total 222720K, used 178584K [0x00000000d0000000, 0x00000000dd980000, 0x00000000f0000000)
  object space 222720K, 80% used [0x00000000d0000000,0x00000000dae66398,0x00000000dd980000)
 PSPermGen       total 118784K, used 102725K [0x00000000c0000000, 0x00000000c7400000, 0x00000000d0000000)
  object space 118784K, 86% used [0x00000000c0000000,0x00000000c6451730,0x00000000c7400000)
}

